<html>
<head>
<title>TestNG:  Surefire test</title>
<link href="../testng.css" rel="stylesheet" type="text/css" />
<link href="../my-testng.css" rel="stylesheet" type="text/css" />

<style type="text/css">
.log { display: none;} 
.stack-trace { display: none;} 
</style>
<script type="text/javascript">
<!--
function flip(e) {
  current = e.style.display;
  if (current == 'block') {
    e.style.display = 'none';
    return 0;
  }
  else {
    e.style.display = 'block';
    return 1;
  }
}

function toggleBox(szDivId, elem, msg1, msg2)
{
  var res = -1;  if (document.getElementById) {
    res = flip(document.getElementById(szDivId));
  }
  else if (document.all) {
    // this is the way old msie versions work
    res = flip(document.all[szDivId]);
  }
  if(elem) {
    if(res == 0) elem.innerHTML = msg1; else elem.innerHTML = msg2;
  }

}

function toggleAllBoxes() {
  if (document.getElementsByTagName) {
    d = document.getElementsByTagName('div');
    for (i = 0; i < d.length; i++) {
      if (d[i].className == 'log') {
        flip(d[i]);
      }
    }
  }
}

// -->
</script>

</head>
<body>
<h2 align='center'>Surefire test</h2><table border='1' align="center">
<tr>
<td>Tests passed/Failed/Skipped:</td><td>10/1/1</td>
</tr><tr>
<td>Started on:</td><td>Mon Mar 11 11:27:11 IST 2024</td>
</tr>
<tr><td>Total time:</td><td>158 seconds (158354 ms)</td>
</tr><tr>
<td>Included groups:</td><td></td>
</tr><tr>
<td>Excluded groups:</td><td></td>
</tr>
</table><p/>
<small><i>(Hover the method name to see the test class name)</i></small><p/>
<table width='100%' border='1' class='invocation-failed'>
<tr><td colspan='4' align='center'><b>FAILED TESTS</b></td></tr>
<tr><td><b>Test method</b></td>
<td><b>Attribute(s)</b></td>
<td width="30%"><b>Exception</b></td>
<td width="10%"><b>Time (seconds)</b></td>
<td><b>Instance</b></td>
</tr>
<tr>
<td title='com.testcases.LoginfunctionalityTest.loginwithinvalidCredentials()'><b>loginwithinvalidCredentials</b><br>Test class: com.testcases.LoginfunctionalityTest</td>
<td><div><pre>java.lang.IllegalArgumentException: Keys to send should be a not null CharSequence
	at org.openqa.selenium.remote.RemoteWebElement.sendKeys(RemoteWebElement.java:96)
	at org.openqa.selenium.support.pagefactory.internal.LocatingElementHandler.invoke(LocatingElementHandler.java:51)
	at jdk.proxy2/jdk.proxy2.$Proxy10.sendKeys(Unknown Source)
	at com.firstbox.Pages.LoginPage.Login(LoginPage.java:28)
	at com.testcases.LoginfunctionalityTest.loginwithinvalidCredentials(LoginfunctionalityTest.java:70)
	at java.base/java.util.ArrayList.forEach(ArrayList.java:1511)
... Removed 35 stack frames</pre></div><a href='#' onClick='toggleBox("stack-trace1169780300", this, "Click to show all stack frames", "Click to hide stack frames")'>Click to show all stack frames</a>
<div class='stack-trace' id='stack-trace1169780300'><pre>java.lang.IllegalArgumentException: Keys to send should be a not null CharSequence
	at org.openqa.selenium.remote.RemoteWebElement.sendKeys(RemoteWebElement.java:96)
	at jdk.internal.reflect.GeneratedMethodAccessor3.invoke(Unknown Source)
	at java.base/jdk.internal.reflect.DelegatingMethodAccessorImpl.invoke(DelegatingMethodAccessorImpl.java:43)
	at java.base/java.lang.reflect.Method.invoke(Method.java:568)
	at org.openqa.selenium.support.pagefactory.internal.LocatingElementHandler.invoke(LocatingElementHandler.java:51)
	at jdk.proxy2/jdk.proxy2.$Proxy10.sendKeys(Unknown Source)
	at com.firstbox.Pages.LoginPage.Login(LoginPage.java:28)
	at com.testcases.LoginfunctionalityTest.loginwithinvalidCredentials(LoginfunctionalityTest.java:70)
	at java.base/jdk.internal.reflect.NativeMethodAccessorImpl.invoke0(Native Method)
	at java.base/jdk.internal.reflect.NativeMethodAccessorImpl.invoke(NativeMethodAccessorImpl.java:77)
	at java.base/jdk.internal.reflect.DelegatingMethodAccessorImpl.invoke(DelegatingMethodAccessorImpl.java:43)
	at java.base/java.lang.reflect.Method.invoke(Method.java:568)
	at org.testng.internal.invokers.MethodInvocationHelper.invokeMethod(MethodInvocationHelper.java:139)
	at org.testng.internal.invokers.TestInvoker.invokeMethod(TestInvoker.java:664)
	at org.testng.internal.invokers.TestInvoker.invokeTestMethod(TestInvoker.java:228)
	at org.testng.internal.invokers.MethodRunner.runInSequence(MethodRunner.java:63)
	at org.testng.internal.invokers.TestInvoker$MethodInvocationAgent.invoke(TestInvoker.java:961)
	at org.testng.internal.invokers.TestInvoker.invokeTestMethods(TestInvoker.java:201)
	at org.testng.internal.invokers.TestMethodWorker.invokeTestMethods(TestMethodWorker.java:148)
	at org.testng.internal.invokers.TestMethodWorker.run(TestMethodWorker.java:128)
	at java.base/java.util.ArrayList.forEach(ArrayList.java:1511)
	at org.testng.TestRunner.privateRun(TestRunner.java:819)
	at org.testng.TestRunner.run(TestRunner.java:619)
	at org.testng.SuiteRunner.runTest(SuiteRunner.java:443)
	at org.testng.SuiteRunner.runSequentially(SuiteRunner.java:437)
	at org.testng.SuiteRunner.privateRun(SuiteRunner.java:397)
	at org.testng.SuiteRunner.run(SuiteRunner.java:336)
	at org.testng.SuiteRunnerWorker.runSuite(SuiteRunnerWorker.java:52)
	at org.testng.SuiteRunnerWorker.run(SuiteRunnerWorker.java:95)
	at org.testng.TestNG.runSuitesSequentially(TestNG.java:1301)
	at org.testng.TestNG.runSuitesLocally(TestNG.java:1228)
	at org.testng.TestNG.runSuites(TestNG.java:1134)
	at org.testng.TestNG.run(TestNG.java:1101)
	at org.apache.maven.surefire.testng.TestNGExecutor.run(TestNGExecutor.java:135)
	at org.apache.maven.surefire.testng.TestNGDirectoryTestSuite.executeMulti(TestNGDirectoryTestSuite.java:193)
	at org.apache.maven.surefire.testng.TestNGDirectoryTestSuite.execute(TestNGDirectoryTestSuite.java:94)
	at org.apache.maven.surefire.testng.TestNGProvider.invoke(TestNGProvider.java:146)
	at org.apache.maven.surefire.booter.ForkedBooter.invokeProviderInSameClassLoader(ForkedBooter.java:384)
	at org.apache.maven.surefire.booter.ForkedBooter.runSuitesInProcess(ForkedBooter.java:345)
	at org.apache.maven.surefire.booter.ForkedBooter.execute(ForkedBooter.java:126)
	at org.apache.maven.surefire.booter.ForkedBooter.main(ForkedBooter.java:418)
</pre></div></td>
<td>0</td>
<td>com.testcases.LoginfunctionalityTest@3a6bb9bf</td></tr>
</table><p>
<table width='100%' border='1' class='invocation-passed'>
<tr><td colspan='4' align='center'><b>PASSED TESTS</b></td></tr>
<tr><td><b>Test method</b></td>
<td><b>Attribute(s)</b></td>
<td width="30%"><b>Exception</b></td>
<td width="10%"><b>Time (seconds)</b></td>
<td><b>Instance</b></td>
</tr>
<tr>
<td title='com.testcases.AddDriverTest.AddaDriver()'><b>AddaDriver</b><br>Test class: com.testcases.AddDriverTest</td>
<td></td>
<td>9</td>
<td>com.testcases.AddDriverTest@69fb6037</td></tr>
<tr>
<td title='com.testcases.AddDriverTest.AddUserwithoutfillingtheDetails()'><b>AddUserwithoutfillingtheDetails</b><br>Test class: com.testcases.AddDriverTest</td>
<td></td>
<td>0</td>
<td>com.testcases.AddDriverTest@69fb6037</td></tr>
<tr>
<td title='com.testcases.LoginfunctionalityTest.loginwithvalidCredentials()'><b>loginwithvalidCredentials</b><br>Test class: com.testcases.LoginfunctionalityTest<br>Parameters: swasthikg32+1@gmail.com, BdgtXKgVTB</td>
<td></td>
<td>1</td>
<td>com.testcases.LoginfunctionalityTest@3a6bb9bf</td></tr>
<tr>
<td title='com.testcases.LoginfunctionalityTest.loginwithvalidCredentials()'><b>loginwithvalidCredentials</b><br>Test class: com.testcases.LoginfunctionalityTest<br>Parameters: swasthikg32+5@gmail.com, XDjf1nMofk</td>
<td></td>
<td>1</td>
<td>com.testcases.LoginfunctionalityTest@3a6bb9bf</td></tr>
<tr>
<td title='com.testcases.CreateContactsTest.AddContactwithoutFillingtheDetails()'><b>AddContactwithoutFillingtheDetails</b><br>Test class: com.testcases.CreateContactsTest</td>
<td></td>
<td>0</td>
<td>com.testcases.CreateContactsTest@49dc7102</td></tr>
<tr>
<td title='com.testcases.LoginfunctionalityTest.loginwithvalidCredentials()'><b>loginwithvalidCredentials</b><br>Test class: com.testcases.LoginfunctionalityTest<br>Parameters: superAdmin@eyepaste.com, p99IY0FZHG</td>
<td></td>
<td>1</td>
<td>com.testcases.LoginfunctionalityTest@3a6bb9bf</td></tr>
<tr>
<td title='com.testcases.CreateContactsTest.AddContact()'><b>AddContact</b><br>Test class: com.testcases.CreateContactsTest</td>
<td></td>
<td>1</td>
<td>com.testcases.CreateContactsTest@49dc7102</td></tr>
<tr>
<td title='com.testcases.CreateshipmentTest.CreateFullContainerShipment()'><b>CreateFullContainerShipment</b><br>Test class: com.testcases.CreateshipmentTest</td>
<td></td>
<td>5</td>
<td>com.testcases.CreateshipmentTest@6b8ca3c8</td></tr>
<tr>
<td title='com.testcases.LoginfunctionalityTest.loginwithValidEmailandInvalidPassword()'><b>loginwithValidEmailandInvalidPassword</b><br>Test class: com.testcases.LoginfunctionalityTest</td>
<td></td>
<td>0</td>
<td>com.testcases.LoginfunctionalityTest@3a6bb9bf</td></tr>
<tr>
<td title='com.testcases.CreateshipmentTest.LooseCargoShipment()'><b>LooseCargoShipment</b><br>Test class: com.testcases.CreateshipmentTest</td>
<td></td>
<td>4</td>
<td>com.testcases.CreateshipmentTest@6b8ca3c8</td></tr>
</table><p>
<table width='100%' border='1' class='invocation-skipped'>
<tr><td colspan='4' align='center'><b>SKIPPED TESTS</b></td></tr>
<tr><td><b>Test method</b></td>
<td><b>Attribute(s)</b></td>
<td width="30%"><b>Exception</b></td>
<td width="10%"><b>Time (seconds)</b></td>
<td><b>Instance</b></td>
</tr>
<tr>
<td title='com.testcases.LoginfunctionalityTest.loginwithInnvalidEmailandvalidPassword()'><b>loginwithInnvalidEmailandvalidPassword</b><br>Test class: com.testcases.LoginfunctionalityTest</td>
<td><div><pre>java.lang.Throwable: Method com.testcases.LoginfunctionalityTest.loginwithInnvalidEmailandvalidPassword() on instance com.testcases.LoginfunctionalityTest@3a6bb9bf depends on not successfully finished methods 
[com.testcases.LoginfunctionalityTest.loginwithinvalidCredentials() on instance com.testcases.LoginfunctionalityTest@3a6bb9bf
com.testcases.LoginfunctionalityTest.loginwithvalidCredentials() on instance com.testcases.LoginfunctionalityTest@3a6bb9bf]
	at java.base/java.util.ArrayList.forEach(ArrayList.java:1511)
... Removed 23 stack frames</pre></div><a href='#' onClick='toggleBox("stack-trace215738773", this, "Click to show all stack frames", "Click to hide stack frames")'>Click to show all stack frames</a>
<div class='stack-trace' id='stack-trace215738773'><pre>java.lang.Throwable: Method com.testcases.LoginfunctionalityTest.loginwithInnvalidEmailandvalidPassword() on instance com.testcases.LoginfunctionalityTest@3a6bb9bf depends on not successfully finished methods 
[com.testcases.LoginfunctionalityTest.loginwithinvalidCredentials() on instance com.testcases.LoginfunctionalityTest@3a6bb9bf
com.testcases.LoginfunctionalityTest.loginwithvalidCredentials() on instance com.testcases.LoginfunctionalityTest@3a6bb9bf]
	at org.testng.internal.invokers.TestInvoker.invokeTestMethods(TestInvoker.java:157)
	at org.testng.internal.invokers.TestMethodWorker.invokeTestMethods(TestMethodWorker.java:148)
	at org.testng.internal.invokers.TestMethodWorker.run(TestMethodWorker.java:128)
	at java.base/java.util.ArrayList.forEach(ArrayList.java:1511)
	at org.testng.TestRunner.privateRun(TestRunner.java:819)
	at org.testng.TestRunner.run(TestRunner.java:619)
	at org.testng.SuiteRunner.runTest(SuiteRunner.java:443)
	at org.testng.SuiteRunner.runSequentially(SuiteRunner.java:437)
	at org.testng.SuiteRunner.privateRun(SuiteRunner.java:397)
	at org.testng.SuiteRunner.run(SuiteRunner.java:336)
	at org.testng.SuiteRunnerWorker.runSuite(SuiteRunnerWorker.java:52)
	at org.testng.SuiteRunnerWorker.run(SuiteRunnerWorker.java:95)
	at org.testng.TestNG.runSuitesSequentially(TestNG.java:1301)
	at org.testng.TestNG.runSuitesLocally(TestNG.java:1228)
	at org.testng.TestNG.runSuites(TestNG.java:1134)
	at org.testng.TestNG.run(TestNG.java:1101)
	at org.apache.maven.surefire.testng.TestNGExecutor.run(TestNGExecutor.java:135)
	at org.apache.maven.surefire.testng.TestNGDirectoryTestSuite.executeMulti(TestNGDirectoryTestSuite.java:193)
	at org.apache.maven.surefire.testng.TestNGDirectoryTestSuite.execute(TestNGDirectoryTestSuite.java:94)
	at org.apache.maven.surefire.testng.TestNGProvider.invoke(TestNGProvider.java:146)
	at org.apache.maven.surefire.booter.ForkedBooter.invokeProviderInSameClassLoader(ForkedBooter.java:384)
	at org.apache.maven.surefire.booter.ForkedBooter.runSuitesInProcess(ForkedBooter.java:345)
	at org.apache.maven.surefire.booter.ForkedBooter.execute(ForkedBooter.java:126)
	at org.apache.maven.surefire.booter.ForkedBooter.main(ForkedBooter.java:418)
</pre></div></td>
<td>0</td>
<td>com.testcases.LoginfunctionalityTest@3a6bb9bf</td></tr>
</table><p>
</body>
</html>