<?xml version="1.0" encoding="UTF-8"?>
<!-- Generated by org.testng.reporters.JUnitXMLReporter -->
<testsuite ignored="0" hostname="Folkslogic01" failures="1" tests="12" name="Surefire test" time="158.354" errors="0" timestamp="2024-03-11T11:29:49 IST">
  <testcase classname="com.testcases.AddDriverTest" name="AddaDriver" time="9.762"/>
  <testcase classname="com.testcases.AddDriverTest" name="AddUserwithoutfillingtheDetails" time="0.656"/>
  <testcase classname="com.testcases.CreateContactsTest" name="AddContact" time="1.324"/>
  <testcase classname="com.testcases.CreateContactsTest" name="AddContactwithoutFillingtheDetails" time="0.494"/>
  <testcase classname="com.testcases.CreateshipmentTest" name="CreateFullContainerShipment" time="5.164"/>
  <testcase classname="com.testcases.CreateshipmentTest" name="LooseCargoShipment" time="4.58"/>
  <testcase classname="com.testcases.LoginfunctionalityTest" name="loginwithvalidCredentials" time="1.186"/>
  <testcase classname="com.testcases.LoginfunctionalityTest" name="loginwithvalidCredentials" time="1.159"/>
  <testcase classname="com.testcases.LoginfunctionalityTest" name="loginwithvalidCredentials" time="1.319"/>
  <testcase classname="com.testcases.LoginfunctionalityTest" name="loginwithinvalidCredentials" time="0.389">
    <failure type="java.lang.IllegalArgumentException" message="Keys to send should be a not null CharSequence">
      <![CDATA[java.lang.IllegalArgumentException: Keys to send should be a not null CharSequence
at org.openqa.selenium.remote.RemoteWebElement.sendKeys(RemoteWebElement.java:96)
at org.openqa.selenium.support.pagefactory.internal.LocatingElementHandler.invoke(LocatingElementHandler.java:51)
at jdk.proxy2/jdk.proxy2.$Proxy10.sendKeys(Unknown Source)
at com.firstbox.Pages.LoginPage.Login(LoginPage.java:28)
at com.testcases.LoginfunctionalityTest.loginwithinvalidCredentials(LoginfunctionalityTest.java:70)
at java.base/java.util.ArrayList.forEach(ArrayList.java:1511)
... Removed 35 stack frames]]>
    </failure>
  </testcase> <!-- loginwithinvalidCredentials -->
  <testcase classname="com.testcases.LoginfunctionalityTest" name="loginwithInnvalidEmailandvalidPassword" time="0.0">
    <skipped/>
  </testcase> <!-- loginwithInnvalidEmailandvalidPassword -->
  <testcase classname="com.testcases.LoginfunctionalityTest" name="loginwithValidEmailandInvalidPassword" time="0.555"/>
</testsuite> <!-- Surefire test -->
