<html>
<head>
<title>TestNG:  Firstbox Test cases</title>
<link href="../testng.css" rel="stylesheet" type="text/css" />
<link href="../my-testng.css" rel="stylesheet" type="text/css" />

<style type="text/css">
.log { display: none;} 
.stack-trace { display: none;} 
</style>
<script type="text/javascript">
<!--
function flip(e) {
  current = e.style.display;
  if (current == 'block') {
    e.style.display = 'none';
    return 0;
  }
  else {
    e.style.display = 'block';
    return 1;
  }
}

function toggleBox(szDivId, elem, msg1, msg2)
{
  var res = -1;  if (document.getElementById) {
    res = flip(document.getElementById(szDivId));
  }
  else if (document.all) {
    // this is the way old msie versions work
    res = flip(document.all[szDivId]);
  }
  if(elem) {
    if(res == 0) elem.innerHTML = msg1; else elem.innerHTML = msg2;
  }

}

function toggleAllBoxes() {
  if (document.getElementsByTagName) {
    d = document.getElementsByTagName('div');
    for (i = 0; i < d.length; i++) {
      if (d[i].className == 'log') {
        flip(d[i]);
      }
    }
  }
}

// -->
</script>

</head>
<body>
<h2 align='center'>Firstbox Test cases</h2><table border='1' align="center">
<tr>
<td>Tests passed/Failed/Skipped:</td><td>10/1/1</td>
</tr><tr>
<td>Started on:</td><td>Mon Mar 11 11:01:05 IST 2024</td>
</tr>
<tr><td>Total time:</td><td>167 seconds (167477 ms)</td>
</tr><tr>
<td>Included groups:</td><td></td>
</tr><tr>
<td>Excluded groups:</td><td></td>
</tr>
</table><p/>
<small><i>(Hover the method name to see the test class name)</i></small><p/>
<table width='100%' border='1' class='invocation-failed'>
<tr><td colspan='4' align='center'><b>FAILED TESTS</b></td></tr>
<tr><td><b>Test method</b></td>
<td width="30%"><b>Exception</b></td>
<td width="10%"><b>Time (seconds)</b></td>
<td><b>Instance</b></td>
</tr>
<tr>
<td title='com.testcases.Loginfunctionality.loginwithinvalidCredentials()'><b>loginwithinvalidCredentials</b><br>Test class: com.testcases.Loginfunctionality</td>
<td><div><pre>java.lang.IllegalArgumentException: Keys to send should be a not null CharSequence
	at org.openqa.selenium.remote.RemoteWebElement.sendKeys(RemoteWebElement.java:96)
	at org.openqa.selenium.support.pagefactory.internal.LocatingElementHandler.invoke(LocatingElementHandler.java:51)
	at jdk.proxy2/jdk.proxy2.$Proxy15.sendKeys(Unknown Source)
	at com.firstbox.Pages.LoginPage.Login(LoginPage.java:28)
	at com.testcases.Loginfunctionality.loginwithinvalidCredentials(Loginfunctionality.java:70)
	at java.base/java.util.ArrayList.forEach(ArrayList.java:1511)
... Removed 31 stack frames</pre></div><a href='#' onClick='toggleBox("stack-trace1552133633", this, "Click to show all stack frames", "Click to hide stack frames")'>Click to show all stack frames</a>
<div class='stack-trace' id='stack-trace1552133633'><pre>java.lang.IllegalArgumentException: Keys to send should be a not null CharSequence
	at org.openqa.selenium.remote.RemoteWebElement.sendKeys(RemoteWebElement.java:96)
	at java.base/jdk.internal.reflect.NativeMethodAccessorImpl.invoke0(Native Method)
	at java.base/jdk.internal.reflect.NativeMethodAccessorImpl.invoke(NativeMethodAccessorImpl.java:77)
	at java.base/jdk.internal.reflect.DelegatingMethodAccessorImpl.invoke(DelegatingMethodAccessorImpl.java:43)
	at java.base/java.lang.reflect.Method.invoke(Method.java:568)
	at org.openqa.selenium.support.pagefactory.internal.LocatingElementHandler.invoke(LocatingElementHandler.java:51)
	at jdk.proxy2/jdk.proxy2.$Proxy15.sendKeys(Unknown Source)
	at com.firstbox.Pages.LoginPage.Login(LoginPage.java:28)
	at com.testcases.Loginfunctionality.loginwithinvalidCredentials(Loginfunctionality.java:70)
	at java.base/jdk.internal.reflect.NativeMethodAccessorImpl.invoke0(Native Method)
	at java.base/jdk.internal.reflect.NativeMethodAccessorImpl.invoke(NativeMethodAccessorImpl.java:77)
	at java.base/jdk.internal.reflect.DelegatingMethodAccessorImpl.invoke(DelegatingMethodAccessorImpl.java:43)
	at java.base/java.lang.reflect.Method.invoke(Method.java:568)
	at org.testng.internal.MethodInvocationHelper.invokeMethod(MethodInvocationHelper.java:133)
	at org.testng.internal.TestInvoker.invokeMethod(TestInvoker.java:598)
	at org.testng.internal.TestInvoker.invokeTestMethod(TestInvoker.java:173)
	at org.testng.internal.MethodRunner.runInSequence(MethodRunner.java:46)
	at org.testng.internal.TestInvoker$MethodInvocationAgent.invoke(TestInvoker.java:824)
	at org.testng.internal.TestInvoker.invokeTestMethods(TestInvoker.java:146)
	at org.testng.internal.TestMethodWorker.invokeTestMethods(TestMethodWorker.java:146)
	at org.testng.internal.TestMethodWorker.run(TestMethodWorker.java:128)
	at java.base/java.util.ArrayList.forEach(ArrayList.java:1511)
	at org.testng.TestRunner.privateRun(TestRunner.java:794)
	at org.testng.TestRunner.run(TestRunner.java:596)
	at org.testng.SuiteRunner.runTest(SuiteRunner.java:377)
	at org.testng.SuiteRunner.runSequentially(SuiteRunner.java:371)
	at org.testng.SuiteRunner.privateRun(SuiteRunner.java:332)
	at org.testng.SuiteRunner.run(SuiteRunner.java:276)
	at org.testng.SuiteRunnerWorker.runSuite(SuiteRunnerWorker.java:53)
	at org.testng.SuiteRunnerWorker.run(SuiteRunnerWorker.java:96)
	at org.testng.TestNG.runSuitesSequentially(TestNG.java:1212)
	at org.testng.TestNG.runSuitesLocally(TestNG.java:1134)
	at org.testng.TestNG.runSuites(TestNG.java:1063)
	at org.testng.TestNG.run(TestNG.java:1031)
	at org.testng.remote.AbstractRemoteTestNG.run(AbstractRemoteTestNG.java:115)
	at org.testng.remote.RemoteTestNG.initAndRun(RemoteTestNG.java:251)
	at org.testng.remote.RemoteTestNG.main(RemoteTestNG.java:77)
</pre></div></td>
<td>0</td>
<td>com.testcases.Loginfunctionality@f0da945</td></tr>
</table><p>
<table width='100%' border='1' class='invocation-passed'>
<tr><td colspan='4' align='center'><b>PASSED TESTS</b></td></tr>
<tr><td><b>Test method</b></td>
<td width="30%"><b>Exception</b></td>
<td width="10%"><b>Time (seconds)</b></td>
<td><b>Instance</b></td>
</tr>
<tr>
<td title='com.testcases.AddDriver.AddUserwithoutfillingtheDetails()'><b>AddUserwithoutfillingtheDetails</b><br>Test class: com.testcases.AddDriver</td>
<td></td>
<td>0</td>
<td>com.testcases.AddDriver@5e600dd5</td></tr>
<tr>
<td title='com.testcases.AddDriver.AddaDriver()'><b>AddaDriver</b><br>Test class: com.testcases.AddDriver</td>
<td></td>
<td>9</td>
<td>com.testcases.AddDriver@5e600dd5</td></tr>
<tr>
<td title='com.testcases.CreateContacts.AddContact()'><b>AddContact</b><br>Test class: com.testcases.CreateContacts</td>
<td></td>
<td>1</td>
<td>com.testcases.CreateContacts@60bd273d</td></tr>
<tr>
<td title='com.testcases.Loginfunctionality.loginwithvalidCredentials()'><b>loginwithvalidCredentials</b><br>Test class: com.testcases.Loginfunctionality<br>Parameters: superAdmin@eyepaste.com, p99IY0FZHG</td>
<td></td>
<td>2</td>
<td>com.testcases.Loginfunctionality@f0da945</td></tr>
<tr>
<td title='com.testcases.Loginfunctionality.loginwithvalidCredentials()'><b>loginwithvalidCredentials</b><br>Test class: com.testcases.Loginfunctionality<br>Parameters: swasthikg32+5@gmail.com, XDjf1nMofk</td>
<td></td>
<td>1</td>
<td>com.testcases.Loginfunctionality@f0da945</td></tr>
<tr>
<td title='com.testcases.Loginfunctionality.loginwithValidEmailandInvalidPassword()'><b>loginwithValidEmailandInvalidPassword</b><br>Test class: com.testcases.Loginfunctionality</td>
<td></td>
<td>0</td>
<td>com.testcases.Loginfunctionality@f0da945</td></tr>
<tr>
<td title='com.testcases.CreateContacts.AddContactwithoutFillingtheDetails()'><b>AddContactwithoutFillingtheDetails</b><br>Test class: com.testcases.CreateContacts</td>
<td></td>
<td>0</td>
<td>com.testcases.CreateContacts@60bd273d</td></tr>
<tr>
<td title='com.testcases.Loginfunctionality.loginwithvalidCredentials()'><b>loginwithvalidCredentials</b><br>Test class: com.testcases.Loginfunctionality<br>Parameters: swasthikg32+1@gmail.com, BdgtXKgVTB</td>
<td></td>
<td>1</td>
<td>com.testcases.Loginfunctionality@f0da945</td></tr>
<tr>
<td title='com.testcases.Createshipment.CreateFullContainerShipment()'><b>CreateFullContainerShipment</b><br>Test class: com.testcases.Createshipment</td>
<td></td>
<td>5</td>
<td>com.testcases.Createshipment@576d5deb</td></tr>
<tr>
<td title='com.testcases.Createshipment.LooseCargoShipment()'><b>LooseCargoShipment</b><br>Test class: com.testcases.Createshipment</td>
<td></td>
<td>4</td>
<td>com.testcases.Createshipment@576d5deb</td></tr>
</table><p>
<table width='100%' border='1' class='invocation-skipped'>
<tr><td colspan='4' align='center'><b>SKIPPED TESTS</b></td></tr>
<tr><td><b>Test method</b></td>
<td width="30%"><b>Exception</b></td>
<td width="10%"><b>Time (seconds)</b></td>
<td><b>Instance</b></td>
</tr>
<tr>
<td title='com.testcases.Loginfunctionality.loginwithInnvalidEmailandvalidPassword()'><b>loginwithInnvalidEmailandvalidPassword</b><br>Test class: com.testcases.Loginfunctionality</td>
<td><div><pre>java.lang.Throwable: Method Loginfunctionality.loginwithInnvalidEmailandvalidPassword()[pri:3, instance:com.testcases.Loginfunctionality@f0da945] depends on not successfully finished methods
	at java.base/java.util.ArrayList.forEach(ArrayList.java:1511)
... Removed 18 stack frames</pre></div><a href='#' onClick='toggleBox("stack-trace2042971662", this, "Click to show all stack frames", "Click to hide stack frames")'>Click to show all stack frames</a>
<div class='stack-trace' id='stack-trace2042971662'><pre>java.lang.Throwable: Method Loginfunctionality.loginwithInnvalidEmailandvalidPassword()[pri:3, instance:com.testcases.Loginfunctionality@f0da945] depends on not successfully finished methods
	at org.testng.internal.TestInvoker.invokeTestMethods(TestInvoker.java:102)
	at org.testng.internal.TestMethodWorker.invokeTestMethods(TestMethodWorker.java:146)
	at org.testng.internal.TestMethodWorker.run(TestMethodWorker.java:128)
	at java.base/java.util.ArrayList.forEach(ArrayList.java:1511)
	at org.testng.TestRunner.privateRun(TestRunner.java:794)
	at org.testng.TestRunner.run(TestRunner.java:596)
	at org.testng.SuiteRunner.runTest(SuiteRunner.java:377)
	at org.testng.SuiteRunner.runSequentially(SuiteRunner.java:371)
	at org.testng.SuiteRunner.privateRun(SuiteRunner.java:332)
	at org.testng.SuiteRunner.run(SuiteRunner.java:276)
	at org.testng.SuiteRunnerWorker.runSuite(SuiteRunnerWorker.java:53)
	at org.testng.SuiteRunnerWorker.run(SuiteRunnerWorker.java:96)
	at org.testng.TestNG.runSuitesSequentially(TestNG.java:1212)
	at org.testng.TestNG.runSuitesLocally(TestNG.java:1134)
	at org.testng.TestNG.runSuites(TestNG.java:1063)
	at org.testng.TestNG.run(TestNG.java:1031)
	at org.testng.remote.AbstractRemoteTestNG.run(AbstractRemoteTestNG.java:115)
	at org.testng.remote.RemoteTestNG.initAndRun(RemoteTestNG.java:251)
	at org.testng.remote.RemoteTestNG.main(RemoteTestNG.java:77)
</pre></div></td>
<td>0</td>
<td>com.testcases.Loginfunctionality@f0da945</td></tr>
</table><p>
</body>
</html>