<?xml version="1.0" encoding="UTF-8"?>
<!-- Generated by org.testng.reporters.JUnitXMLReporter -->
<testsuite ignored="0" hostname="Folkslogic01" failures="1" tests="12" name="Firstbox Test cases" time="167.477" errors="0" timestamp="2024-03-11T11:03:52 IST">
  <testcase classname="com.testcases.Loginfunctionality" name="loginwithvalidCredentials" time="2.337"/>
  <testcase classname="com.testcases.Loginfunctionality" name="loginwithvalidCredentials" time="1.347"/>
  <testcase classname="com.testcases.Loginfunctionality" name="loginwithvalidCredentials" time="1.263"/>
  <testcase classname="com.testcases.Loginfunctionality" name="loginwithinvalidCredentials" time="0.322">
    <failure type="java.lang.IllegalArgumentException" message="Keys to send should be a not null CharSequence">
      <![CDATA[java.lang.IllegalArgumentException: Keys to send should be a not null CharSequence
at org.openqa.selenium.remote.RemoteWebElement.sendKeys(RemoteWebElement.java:96)
at org.openqa.selenium.support.pagefactory.internal.LocatingElementHandler.invoke(LocatingElementHandler.java:51)
at jdk.proxy2/jdk.proxy2.$Proxy15.sendKeys(Unknown Source)
at com.firstbox.Pages.LoginPage.Login(LoginPage.java:28)
at com.testcases.Loginfunctionality.loginwithinvalidCredentials(Loginfunctionality.java:70)
at java.base/java.util.ArrayList.forEach(ArrayList.java:1511)
... Removed 31 stack frames]]>
    </failure>
  </testcase> <!-- loginwithinvalidCredentials -->
  <testcase classname="com.testcases.Loginfunctionality" name="loginwithInnvalidEmailandvalidPassword" time="0.0">
    <skipped/>
  </testcase> <!-- loginwithInnvalidEmailandvalidPassword -->
  <testcase classname="com.testcases.Loginfunctionality" name="loginwithValidEmailandInvalidPassword" time="0.509"/>
  <testcase classname="com.testcases.CreateContacts" name="AddContact" time="1.478"/>
  <testcase classname="com.testcases.CreateContacts" name="AddContactwithoutFillingtheDetails" time="0.395"/>
  <testcase classname="com.testcases.AddDriver" name="AddaDriver" time="9.199"/>
  <testcase classname="com.testcases.AddDriver" name="AddUserwithoutfillingtheDetails" time="0.853"/>
  <testcase classname="com.testcases.Createshipment" name="CreateFullContainerShipment" time="5.3"/>
  <testcase classname="com.testcases.Createshipment" name="LooseCargoShipment" time="4.65"/>
</testsuite> <!-- Firstbox Test cases -->
